function start

main

in int 12321

{"dest":"ten","op":"const","type":"int","value":10}
{"dest":"zero","op":"const","type":"int","value":0}
{"dest":"one","op":"const","type":"int","value":1}
{"dest":"index","op":"const","type":"int","value":1}
{"dest":"not_finished","op":"const","type":"bool","value":true}
{"args":["not_finished"],"labels":["for.body","for.end"],"op":"br"}
true
{"args":["ten","index"],"dest":"power","funcs":["pow"],"op":"call","type":"int"}
function start

pow

base int 10
exp int 1

{"dest":"res","op":"const","type":"int","value":1}
{"dest":"zero","op":"const","type":"int","value":0}
{"dest":"one","op":"const","type":"int","value":1}
{"dest":"not_finished","op":"const","type":"bool","value":true}
{"args":["not_finished"],"labels":["for.body.pow","for.end.pow"],"op":"br"}
true
{"args":["exp","zero"],"dest":"finished","op":"eq","type":"bool"}
{"args":["finished"],"labels":["if.true.pow","if.false.pow"],"op":"br"}
false
{"args":["res","base"],"dest":"res","op":"mul","type":"int"}
{"args":["exp","one"],"dest":"exp","op":"sub","type":"int"}
{"labels":["for.cond.pow"],"op":"jmp"}
{"args":["not_finished"],"labels":["for.body.pow","for.end.pow"],"op":"br"}
true
{"args":["exp","zero"],"dest":"finished","op":"eq","type":"bool"}
{"args":["finished"],"labels":["if.true.pow","if.false.pow"],"op":"br"}
true
{"dest":"not_finished","op":"const","type":"bool","value":false}
{"labels":["for.cond.pow"],"op":"jmp"}
{"args":["not_finished"],"labels":["for.body.pow","for.end.pow"],"op":"br"}
false
{"args":["res"],"op":"ret"}
{"args":["in","power"],"dest":"d","op":"div","type":"int"}
{"args":["d","zero"],"dest":"check","op":"eq","type":"bool"}
{"args":["check"],"labels":["if.true","if.false"],"op":"br"}
false
{"args":["index","one"],"dest":"index","op":"add","type":"int"}
{"labels":["for.cond"],"op":"jmp"}
{"args":["not_finished"],"labels":["for.body","for.end"],"op":"br"}
true
{"args":["ten","index"],"dest":"power","funcs":["pow"],"op":"call","type":"int"}
function start

pow

base int 10
exp int 2

{"dest":"res","op":"const","type":"int","value":1}
{"dest":"zero","op":"const","type":"int","value":0}
{"dest":"one","op":"const","type":"int","value":1}
{"dest":"not_finished","op":"const","type":"bool","value":true}
{"args":["not_finished"],"labels":["for.body.pow","for.end.pow"],"op":"br"}
true
{"args":["exp","zero"],"dest":"finished","op":"eq","type":"bool"}
{"args":["finished"],"labels":["if.true.pow","if.false.pow"],"op":"br"}
false
{"args":["res","base"],"dest":"res","op":"mul","type":"int"}
{"args":["exp","one"],"dest":"exp","op":"sub","type":"int"}
{"labels":["for.cond.pow"],"op":"jmp"}
{"args":["not_finished"],"labels":["for.body.pow","for.end.pow"],"op":"br"}
true
{"args":["exp","zero"],"dest":"finished","op":"eq","type":"bool"}
{"args":["finished"],"labels":["if.true.pow","if.false.pow"],"op":"br"}
false
{"args":["res","base"],"dest":"res","op":"mul","type":"int"}
{"args":["exp","one"],"dest":"exp","op":"sub","type":"int"}
{"labels":["for.cond.pow"],"op":"jmp"}
{"args":["not_finished"],"labels":["for.body.pow","for.end.pow"],"op":"br"}
true
{"args":["exp","zero"],"dest":"finished","op":"eq","type":"bool"}
{"args":["finished"],"labels":["if.true.pow","if.false.pow"],"op":"br"}
true
{"dest":"not_finished","op":"const","type":"bool","value":false}
{"labels":["for.cond.pow"],"op":"jmp"}
{"args":["not_finished"],"labels":["for.body.pow","for.end.pow"],"op":"br"}
false
{"args":["res"],"op":"ret"}
{"args":["in","power"],"dest":"d","op":"div","type":"int"}
{"args":["d","zero"],"dest":"check","op":"eq","type":"bool"}
{"args":["check"],"labels":["if.true","if.false"],"op":"br"}
false
{"args":["index","one"],"dest":"index","op":"add","type":"int"}
{"labels":["for.cond"],"op":"jmp"}
{"args":["not_finished"],"labels":["for.body","for.end"],"op":"br"}
true
{"args":["ten","index"],"dest":"power","funcs":["pow"],"op":"call","type":"int"}
function start

pow

base int 10
exp int 3

{"dest":"res","op":"const","type":"int","value":1}
{"dest":"zero","op":"const","type":"int","value":0}
{"dest":"one","op":"const","type":"int","value":1}
{"dest":"not_finished","op":"const","type":"bool","value":true}
{"args":["not_finished"],"labels":["for.body.pow","for.end.pow"],"op":"br"}
true
{"args":["exp","zero"],"dest":"finished","op":"eq","type":"bool"}
{"args":["finished"],"labels":["if.true.pow","if.false.pow"],"op":"br"}
false
{"args":["res","base"],"dest":"res","op":"mul","type":"int"}
{"args":["exp","one"],"dest":"exp","op":"sub","type":"int"}
{"labels":["for.cond.pow"],"op":"jmp"}
{"args":["not_finished"],"labels":["for.body.pow","for.end.pow"],"op":"br"}
true
{"args":["exp","zero"],"dest":"finished","op":"eq","type":"bool"}
{"args":["finished"],"labels":["if.true.pow","if.false.pow"],"op":"br"}
false
{"args":["res","base"],"dest":"res","op":"mul","type":"int"}
{"args":["exp","one"],"dest":"exp","op":"sub","type":"int"}
{"labels":["for.cond.pow"],"op":"jmp"}
{"args":["not_finished"],"labels":["for.body.pow","for.end.pow"],"op":"br"}
true
{"args":["exp","zero"],"dest":"finished","op":"eq","type":"bool"}
{"args":["finished"],"labels":["if.true.pow","if.false.pow"],"op":"br"}
false
{"args":["res","base"],"dest":"res","op":"mul","type":"int"}
{"args":["exp","one"],"dest":"exp","op":"sub","type":"int"}
{"labels":["for.cond.pow"],"op":"jmp"}
{"args":["not_finished"],"labels":["for.body.pow","for.end.pow"],"op":"br"}
true
{"args":["exp","zero"],"dest":"finished","op":"eq","type":"bool"}
{"args":["finished"],"labels":["if.true.pow","if.false.pow"],"op":"br"}
true
{"dest":"not_finished","op":"const","type":"bool","value":false}
{"labels":["for.cond.pow"],"op":"jmp"}
{"args":["not_finished"],"labels":["for.body.pow","for.end.pow"],"op":"br"}
false
{"args":["res"],"op":"ret"}
{"args":["in","power"],"dest":"d","op":"div","type":"int"}
{"args":["d","zero"],"dest":"check","op":"eq","type":"bool"}
{"args":["check"],"labels":["if.true","if.false"],"op":"br"}
false
{"args":["index","one"],"dest":"index","op":"add","type":"int"}
{"labels":["for.cond"],"op":"jmp"}
{"args":["not_finished"],"labels":["for.body","for.end"],"op":"br"}
true
{"args":["ten","index"],"dest":"power","funcs":["pow"],"op":"call","type":"int"}
function start

pow

base int 10
exp int 4

{"dest":"res","op":"const","type":"int","value":1}
{"dest":"zero","op":"const","type":"int","value":0}
{"dest":"one","op":"const","type":"int","value":1}
{"dest":"not_finished","op":"const","type":"bool","value":true}
{"args":["not_finished"],"labels":["for.body.pow","for.end.pow"],"op":"br"}
true
{"args":["exp","zero"],"dest":"finished","op":"eq","type":"bool"}
{"args":["finished"],"labels":["if.true.pow","if.false.pow"],"op":"br"}
false
{"args":["res","base"],"dest":"res","op":"mul","type":"int"}
{"args":["exp","one"],"dest":"exp","op":"sub","type":"int"}
{"labels":["for.cond.pow"],"op":"jmp"}
{"args":["not_finished"],"labels":["for.body.pow","for.end.pow"],"op":"br"}
true
{"args":["exp","zero"],"dest":"finished","op":"eq","type":"bool"}
{"args":["finished"],"labels":["if.true.pow","if.false.pow"],"op":"br"}
false
{"args":["res","base"],"dest":"res","op":"mul","type":"int"}
{"args":["exp","one"],"dest":"exp","op":"sub","type":"int"}
{"labels":["for.cond.pow"],"op":"jmp"}
{"args":["not_finished"],"labels":["for.body.pow","for.end.pow"],"op":"br"}
true
{"args":["exp","zero"],"dest":"finished","op":"eq","type":"bool"}
{"args":["finished"],"labels":["if.true.pow","if.false.pow"],"op":"br"}
false
{"args":["res","base"],"dest":"res","op":"mul","type":"int"}
{"args":["exp","one"],"dest":"exp","op":"sub","type":"int"}
{"labels":["for.cond.pow"],"op":"jmp"}
{"args":["not_finished"],"labels":["for.body.pow","for.end.pow"],"op":"br"}
true
{"args":["exp","zero"],"dest":"finished","op":"eq","type":"bool"}
{"args":["finished"],"labels":["if.true.pow","if.false.pow"],"op":"br"}
false
{"args":["res","base"],"dest":"res","op":"mul","type":"int"}
{"args":["exp","one"],"dest":"exp","op":"sub","type":"int"}
{"labels":["for.cond.pow"],"op":"jmp"}
{"args":["not_finished"],"labels":["for.body.pow","for.end.pow"],"op":"br"}
true
{"args":["exp","zero"],"dest":"finished","op":"eq","type":"bool"}
{"args":["finished"],"labels":["if.true.pow","if.false.pow"],"op":"br"}
true
{"dest":"not_finished","op":"const","type":"bool","value":false}
{"labels":["for.cond.pow"],"op":"jmp"}
{"args":["not_finished"],"labels":["for.body.pow","for.end.pow"],"op":"br"}
false
{"args":["res"],"op":"ret"}
{"args":["in","power"],"dest":"d","op":"div","type":"int"}
{"args":["d","zero"],"dest":"check","op":"eq","type":"bool"}
{"args":["check"],"labels":["if.true","if.false"],"op":"br"}
false
{"args":["index","one"],"dest":"index","op":"add","type":"int"}
{"labels":["for.cond"],"op":"jmp"}
{"args":["not_finished"],"labels":["for.body","for.end"],"op":"br"}
true
{"args":["ten","index"],"dest":"power","funcs":["pow"],"op":"call","type":"int"}
function start

pow

base int 10
exp int 5

{"dest":"res","op":"const","type":"int","value":1}
{"dest":"zero","op":"const","type":"int","value":0}
{"dest":"one","op":"const","type":"int","value":1}
{"dest":"not_finished","op":"const","type":"bool","value":true}
{"args":["not_finished"],"labels":["for.body.pow","for.end.pow"],"op":"br"}
true
{"args":["exp","zero"],"dest":"finished","op":"eq","type":"bool"}
{"args":["finished"],"labels":["if.true.pow","if.false.pow"],"op":"br"}
false
{"args":["res","base"],"dest":"res","op":"mul","type":"int"}
{"args":["exp","one"],"dest":"exp","op":"sub","type":"int"}
{"labels":["for.cond.pow"],"op":"jmp"}
{"args":["not_finished"],"labels":["for.body.pow","for.end.pow"],"op":"br"}
true
{"args":["exp","zero"],"dest":"finished","op":"eq","type":"bool"}
{"args":["finished"],"labels":["if.true.pow","if.false.pow"],"op":"br"}
false
{"args":["res","base"],"dest":"res","op":"mul","type":"int"}
{"args":["exp","one"],"dest":"exp","op":"sub","type":"int"}
{"labels":["for.cond.pow"],"op":"jmp"}
{"args":["not_finished"],"labels":["for.body.pow","for.end.pow"],"op":"br"}
true
{"args":["exp","zero"],"dest":"finished","op":"eq","type":"bool"}
{"args":["finished"],"labels":["if.true.pow","if.false.pow"],"op":"br"}
false
{"args":["res","base"],"dest":"res","op":"mul","type":"int"}
{"args":["exp","one"],"dest":"exp","op":"sub","type":"int"}
{"labels":["for.cond.pow"],"op":"jmp"}
{"args":["not_finished"],"labels":["for.body.pow","for.end.pow"],"op":"br"}
true
{"args":["exp","zero"],"dest":"finished","op":"eq","type":"bool"}
{"args":["finished"],"labels":["if.true.pow","if.false.pow"],"op":"br"}
false
{"args":["res","base"],"dest":"res","op":"mul","type":"int"}
{"args":["exp","one"],"dest":"exp","op":"sub","type":"int"}
{"labels":["for.cond.pow"],"op":"jmp"}
{"args":["not_finished"],"labels":["for.body.pow","for.end.pow"],"op":"br"}
true
{"args":["exp","zero"],"dest":"finished","op":"eq","type":"bool"}
{"args":["finished"],"labels":["if.true.pow","if.false.pow"],"op":"br"}
false
{"args":["res","base"],"dest":"res","op":"mul","type":"int"}
{"args":["exp","one"],"dest":"exp","op":"sub","type":"int"}
{"labels":["for.cond.pow"],"op":"jmp"}
{"args":["not_finished"],"labels":["for.body.pow","for.end.pow"],"op":"br"}
true
{"args":["exp","zero"],"dest":"finished","op":"eq","type":"bool"}
{"args":["finished"],"labels":["if.true.pow","if.false.pow"],"op":"br"}
true
{"dest":"not_finished","op":"const","type":"bool","value":false}
{"labels":["for.cond.pow"],"op":"jmp"}
{"args":["not_finished"],"labels":["for.body.pow","for.end.pow"],"op":"br"}
false
{"args":["res"],"op":"ret"}
{"args":["in","power"],"dest":"d","op":"div","type":"int"}
{"args":["d","zero"],"dest":"check","op":"eq","type":"bool"}
{"args":["check"],"labels":["if.true","if.false"],"op":"br"}
true
{"dest":"not_finished","op":"const","type":"bool","value":false}
{"labels":["for.cond"],"op":"jmp"}
{"args":["not_finished"],"labels":["for.body","for.end"],"op":"br"}
false
{"args":["index","one"],"dest":"exp","op":"sub","type":"int"}
{"args":["in","exp"],"dest":"is_palindrome","funcs":["palindrome"],"op":"call","type":"bool"}
function start

palindrome

in int 12321
len int 4

{"dest":"is_palindrome","op":"const","type":"bool","value":false}
{"dest":"zero","op":"const","type":"int","value":0}
{"dest":"two","op":"const","type":"int","value":2}
{"dest":"ten","op":"const","type":"int","value":10}
{"args":["len","zero"],"dest":"check","op":"le","type":"bool"}
{"args":["check"],"labels":["if.true.palindrome","if.false.palindrome"],"op":"br"}
false
{"args":["ten","len"],"dest":"power","funcs":["pow"],"op":"call","type":"int"}
function start

pow

base int 10
exp int 4

{"dest":"res","op":"const","type":"int","value":1}
{"dest":"zero","op":"const","type":"int","value":0}
{"dest":"one","op":"const","type":"int","value":1}
{"dest":"not_finished","op":"const","type":"bool","value":true}
{"args":["not_finished"],"labels":["for.body.pow","for.end.pow"],"op":"br"}
true
{"args":["exp","zero"],"dest":"finished","op":"eq","type":"bool"}
{"args":["finished"],"labels":["if.true.pow","if.false.pow"],"op":"br"}
false
{"args":["res","base"],"dest":"res","op":"mul","type":"int"}
{"args":["exp","one"],"dest":"exp","op":"sub","type":"int"}
{"labels":["for.cond.pow"],"op":"jmp"}
{"args":["not_finished"],"labels":["for.body.pow","for.end.pow"],"op":"br"}
true
{"args":["exp","zero"],"dest":"finished","op":"eq","type":"bool"}
{"args":["finished"],"labels":["if.true.pow","if.false.pow"],"op":"br"}
false
{"args":["res","base"],"dest":"res","op":"mul","type":"int"}
{"args":["exp","one"],"dest":"exp","op":"sub","type":"int"}
{"labels":["for.cond.pow"],"op":"jmp"}
{"args":["not_finished"],"labels":["for.body.pow","for.end.pow"],"op":"br"}
true
{"args":["exp","zero"],"dest":"finished","op":"eq","type":"bool"}
{"args":["finished"],"labels":["if.true.pow","if.false.pow"],"op":"br"}
false
{"args":["res","base"],"dest":"res","op":"mul","type":"int"}
{"args":["exp","one"],"dest":"exp","op":"sub","type":"int"}
{"labels":["for.cond.pow"],"op":"jmp"}
{"args":["not_finished"],"labels":["for.body.pow","for.end.pow"],"op":"br"}
true
{"args":["exp","zero"],"dest":"finished","op":"eq","type":"bool"}
{"args":["finished"],"labels":["if.true.pow","if.false.pow"],"op":"br"}
false
{"args":["res","base"],"dest":"res","op":"mul","type":"int"}
{"args":["exp","one"],"dest":"exp","op":"sub","type":"int"}
{"labels":["for.cond.pow"],"op":"jmp"}
{"args":["not_finished"],"labels":["for.body.pow","for.end.pow"],"op":"br"}
true
{"args":["exp","zero"],"dest":"finished","op":"eq","type":"bool"}
{"args":["finished"],"labels":["if.true.pow","if.false.pow"],"op":"br"}
true
{"dest":"not_finished","op":"const","type":"bool","value":false}
{"labels":["for.cond.pow"],"op":"jmp"}
{"args":["not_finished"],"labels":["for.body.pow","for.end.pow"],"op":"br"}
false
{"args":["res"],"op":"ret"}
{"args":["in","power"],"dest":"left","op":"div","type":"int"}
{"args":["in","ten"],"dest":"v1","op":"div","type":"int"}
{"args":["v1","ten"],"dest":"v2","op":"mul","type":"int"}
{"args":["in","v2"],"dest":"right","op":"sub","type":"int"}
{"args":["left","right"],"dest":"is_equal","op":"eq","type":"bool"}
{"args":["is_equal"],"labels":["if.true.mirror","if.false.mirror"],"op":"br"}
true
{"args":["power","left"],"dest":"temp","op":"mul","type":"int"}
{"args":["in","temp"],"dest":"temp","op":"sub","type":"int"}
{"args":["temp","right"],"dest":"temp","op":"sub","type":"int"}
{"args":["temp","ten"],"dest":"next_in","op":"div","type":"int"}
{"args":["len","two"],"dest":"next_len","op":"sub","type":"int"}
{"args":["next_in","next_len"],"dest":"is_palindrome","funcs":["palindrome"],"op":"call","type":"bool"}
function start

palindrome

in int 232
len int 2

{"dest":"is_palindrome","op":"const","type":"bool","value":false}
{"dest":"zero","op":"const","type":"int","value":0}
{"dest":"two","op":"const","type":"int","value":2}
{"dest":"ten","op":"const","type":"int","value":10}
{"args":["len","zero"],"dest":"check","op":"le","type":"bool"}
{"args":["check"],"labels":["if.true.palindrome","if.false.palindrome"],"op":"br"}
false
{"args":["ten","len"],"dest":"power","funcs":["pow"],"op":"call","type":"int"}
function start

pow

base int 10
exp int 2

{"dest":"res","op":"const","type":"int","value":1}
{"dest":"zero","op":"const","type":"int","value":0}
{"dest":"one","op":"const","type":"int","value":1}
{"dest":"not_finished","op":"const","type":"bool","value":true}
{"args":["not_finished"],"labels":["for.body.pow","for.end.pow"],"op":"br"}
true
{"args":["exp","zero"],"dest":"finished","op":"eq","type":"bool"}
{"args":["finished"],"labels":["if.true.pow","if.false.pow"],"op":"br"}
false
{"args":["res","base"],"dest":"res","op":"mul","type":"int"}
{"args":["exp","one"],"dest":"exp","op":"sub","type":"int"}
{"labels":["for.cond.pow"],"op":"jmp"}
{"args":["not_finished"],"labels":["for.body.pow","for.end.pow"],"op":"br"}
true
{"args":["exp","zero"],"dest":"finished","op":"eq","type":"bool"}
{"args":["finished"],"labels":["if.true.pow","if.false.pow"],"op":"br"}
false
{"args":["res","base"],"dest":"res","op":"mul","type":"int"}
{"args":["exp","one"],"dest":"exp","op":"sub","type":"int"}
{"labels":["for.cond.pow"],"op":"jmp"}
{"args":["not_finished"],"labels":["for.body.pow","for.end.pow"],"op":"br"}
true
{"args":["exp","zero"],"dest":"finished","op":"eq","type":"bool"}
{"args":["finished"],"labels":["if.true.pow","if.false.pow"],"op":"br"}
true
{"dest":"not_finished","op":"const","type":"bool","value":false}
{"labels":["for.cond.pow"],"op":"jmp"}
{"args":["not_finished"],"labels":["for.body.pow","for.end.pow"],"op":"br"}
false
{"args":["res"],"op":"ret"}
{"args":["in","power"],"dest":"left","op":"div","type":"int"}
{"args":["in","ten"],"dest":"v1","op":"div","type":"int"}
{"args":["v1","ten"],"dest":"v2","op":"mul","type":"int"}
{"args":["in","v2"],"dest":"right","op":"sub","type":"int"}
{"args":["left","right"],"dest":"is_equal","op":"eq","type":"bool"}
{"args":["is_equal"],"labels":["if.true.mirror","if.false.mirror"],"op":"br"}
true
{"args":["power","left"],"dest":"temp","op":"mul","type":"int"}
{"args":["in","temp"],"dest":"temp","op":"sub","type":"int"}
{"args":["temp","right"],"dest":"temp","op":"sub","type":"int"}
{"args":["temp","ten"],"dest":"next_in","op":"div","type":"int"}
{"args":["len","two"],"dest":"next_len","op":"sub","type":"int"}
{"args":["next_in","next_len"],"dest":"is_palindrome","funcs":["palindrome"],"op":"call","type":"bool"}
function start

palindrome

in int 3
len int 0

{"dest":"is_palindrome","op":"const","type":"bool","value":false}
{"dest":"zero","op":"const","type":"int","value":0}
{"dest":"two","op":"const","type":"int","value":2}
{"dest":"ten","op":"const","type":"int","value":10}
{"args":["len","zero"],"dest":"check","op":"le","type":"bool"}
{"args":["check"],"labels":["if.true.palindrome","if.false.palindrome"],"op":"br"}
true
{"dest":"is_palindrome","op":"const","type":"bool","value":true}
{"labels":["if.end.palindrome"],"op":"jmp"}
{"args":["is_palindrome"],"op":"ret"}
{"labels":["if.end.palindrome"],"op":"jmp"}
{"args":["is_palindrome"],"op":"ret"}
{"labels":["if.end.palindrome"],"op":"jmp"}
{"args":["is_palindrome"],"op":"ret"}
{"args":["is_palindrome"],"op":"print"}
true
